<?xml version="1.0" encoding="UTF-8"?>
<!-- Generated by org.testng.reporters.JUnitXMLReporter -->
<testsuite ignored="1" hostname="Bharath" failures="0" tests="2" name="ChromeTest" time="0.11" errors="0" timestamp="2024-11-25T20:44:40 IST">
  <testcase classname="framework.concepts.TestNGTestMethods" name="verifyContactInformation" time="0.019"/>
  <testcase classname="framework.concepts.TestNGTestMethods" name="verifyLogoAndCaption" time="0.004"/>
  <testcase classname="framework.concepts.TestNGTestMethods" name="verifyLogin" time="0.0">
    <ignored/>
  </testcase> <!-- verifyLogin -->
</testsuite> <!-- ChromeTest -->
