<?xml version="1.0" encoding="UTF-8"?>
<!-- Generated by org.testng.reporters.JUnitXMLReporter -->
<testsuite ignored="1" hostname="Bharath" failures="0" tests="2" name="Test" time="0.043" errors="0" timestamp="2024-11-22T21:25:10 IST">
  <testcase classname="framework.concepts.TestNGTestMethods" name="verifyContactInformation" time="0.008"/>
  <testcase classname="framework.concepts.TestNGTestMethods" name="verifyLogoAndCaption" time="0.001"/>
  <testcase classname="framework.concepts.TestNGTestMethods" name="verifyLogin" time="0.0">
    <ignored/>
  </testcase> <!-- verifyLogin -->
</testsuite> <!-- Test -->
