<?xml version="1.0" encoding="UTF-8"?>
<!-- Generated by org.testng.reporters.JUnitXMLReporter -->
<testsuite ignored="0" hostname="Bharath" failures="2" tests="8" name="Test" time="0.118" errors="0" timestamp="2024-11-25T21:15:16 IST">
  <testcase classname="framework.concepts.TestNGTestMethods" name="verifyLogin" time="0.018">
    <skipped/>
  </testcase> <!-- verifyLogin -->
  <testcase classname="framework.concepts.TestNGTestMethods" name="verifyLogin" time="0.001">
    <skipped/>
  </testcase> <!-- verifyLogin -->
  <testcase classname="framework.concepts.TestNGTestMethods" name="verifyLogin" time="0.001">
    <failure type="java.lang.AssertionError" message="Login Failed...">
      <![CDATA[java.lang.AssertionError: Login Failed...
at framework.concepts.TestNGTestMethods.verifyLogin(TestNGTestMethods.java:23)
at java.base/java.util.ArrayList.forEach(ArrayList.java:1596)
... Removed 26 stack frames]]>
    </failure>
  </testcase> <!-- verifyLogin -->
  <testcase classname="framework.concepts.TestNGTestMethods" name="verifyLogin" time="0.001">
    <skipped/>
  </testcase> <!-- verifyLogin -->
  <testcase classname="framework.concepts.TestNGTestMethods" name="verifyLogin" time="0.001">
    <skipped/>
  </testcase> <!-- verifyLogin -->
  <testcase classname="framework.concepts.TestNGTestMethods" name="verifyLogin" time="0.001">
    <failure type="java.lang.AssertionError" message="Login Failed...">
      <![CDATA[java.lang.AssertionError: Login Failed...
at framework.concepts.TestNGTestMethods.verifyLogin(TestNGTestMethods.java:23)
at java.base/java.util.ArrayList.forEach(ArrayList.java:1596)
... Removed 26 stack frames]]>
    </failure>
  </testcase> <!-- verifyLogin -->
  <testcase classname="framework.concepts.TestNGTestMethods" name="verifyContactInformation" time="0.002"/>
  <testcase classname="framework.concepts.TestNGTestMethods" name="verifyLogoAndCaption" time="0.001"/>
</testsuite> <!-- Test -->
