<?xml version="1.0" encoding="UTF-8"?>
<testng-results ignored="3" total="9" passed="6" failed="0" skipped="0">
  <reporter-output>
  </reporter-output>
  <suite started-at="2024-11-22T21:39:28 IST" name="Suite" finished-at="2024-11-22T21:39:28 IST" duration-ms="164">
    <groups>
      <group name="regression">
        <method signature="TestNGTestMethods.verifyContactInformation()[pri:3, instance:framework.concepts.TestNGTestMethods@783a467b]" name="verifyContactInformation" class="framework.concepts.TestNGTestMethods"/>
        <method signature="TestNGTestMethods.verifyContactInformation()[pri:3, instance:framework.concepts.TestNGTestMethods@6e6f2380]" name="verifyContactInformation" class="framework.concepts.TestNGTestMethods"/>
        <method signature="TestNGTestMethods.verifyContactInformation()[pri:3, instance:framework.concepts.TestNGTestMethods@78e4deb0]" name="verifyContactInformation" class="framework.concepts.TestNGTestMethods"/>
      </group> <!-- regression -->
      <group name="sanity">
        <method signature="TestNGTestMethods.verifyContactInformation()[pri:3, instance:framework.concepts.TestNGTestMethods@783a467b]" name="verifyContactInformation" class="framework.concepts.TestNGTestMethods"/>
        <method signature="TestNGTestMethods.verifyLogoAndCaption()[pri:2, instance:framework.concepts.TestNGTestMethods@783a467b]" name="verifyLogoAndCaption" class="framework.concepts.TestNGTestMethods"/>
        <method signature="TestNGTestMethods.verifyContactInformation()[pri:3, instance:framework.concepts.TestNGTestMethods@6e6f2380]" name="verifyContactInformation" class="framework.concepts.TestNGTestMethods"/>
        <method signature="TestNGTestMethods.verifyLogoAndCaption()[pri:2, instance:framework.concepts.TestNGTestMethods@6e6f2380]" name="verifyLogoAndCaption" class="framework.concepts.TestNGTestMethods"/>
        <method signature="TestNGTestMethods.verifyContactInformation()[pri:3, instance:framework.concepts.TestNGTestMethods@78e4deb0]" name="verifyContactInformation" class="framework.concepts.TestNGTestMethods"/>
        <method signature="TestNGTestMethods.verifyLogoAndCaption()[pri:2, instance:framework.concepts.TestNGTestMethods@78e4deb0]" name="verifyLogoAndCaption" class="framework.concepts.TestNGTestMethods"/>
      </group> <!-- sanity -->
    </groups>
    <test started-at="2024-11-22T21:39:28 IST" name="ChromeTest" finished-at="2024-11-22T21:39:28 IST" duration-ms="54">
      <class name="framework.concepts.TestNGTestMethods">
        <test-method is-config="true" signature="launchBrowserAndLaunchApplication(java.lang.String,java.lang.String)[pri:0, instance:framework.concepts.TestNGTestMethods@783a467b]" started-at="2024-11-22T21:39:28 IST" name="launchBrowserAndLaunchApplication" finished-at="2024-11-22T21:39:28 IST" duration-ms="4" status="PASS">
          <params>
            <param index="0">
              <value>
                <![CDATA[chrome]]>
              </value>
            </param>
            <param index="1">
              <value>
                <![CDATA[www.abc-bank.com]]>
              </value>
            </param>
          </params>
          <reporter-output>
          </reporter-output>
        </test-method> <!-- launchBrowserAndLaunchApplication -->
        <test-method signature="verifyContactInformation()[pri:3, instance:framework.concepts.TestNGTestMethods@783a467b]" started-at="2024-11-22T21:39:28 IST" name="verifyContactInformation" finished-at="2024-11-22T21:39:28 IST" duration-ms="9" status="PASS">
          <reporter-output>
          </reporter-output>
        </test-method> <!-- verifyContactInformation -->
        <test-method is-config="true" signature="closeBrowser()[pri:0, instance:framework.concepts.TestNGTestMethods@783a467b]" started-at="2024-11-22T21:39:28 IST" name="closeBrowser" finished-at="2024-11-22T21:39:28 IST" duration-ms="0" status="PASS">
          <reporter-output>
          </reporter-output>
        </test-method> <!-- closeBrowser -->
        <test-method is-config="true" signature="launchBrowserAndLaunchApplication(java.lang.String,java.lang.String)[pri:0, instance:framework.concepts.TestNGTestMethods@783a467b]" started-at="2024-11-22T21:39:28 IST" name="launchBrowserAndLaunchApplication" finished-at="2024-11-22T21:39:28 IST" duration-ms="0" status="PASS">
          <params>
            <param index="0">
              <value>
                <![CDATA[chrome]]>
              </value>
            </param>
            <param index="1">
              <value>
                <![CDATA[www.abc-bank.com]]>
              </value>
            </param>
          </params>
          <reporter-output>
          </reporter-output>
        </test-method> <!-- launchBrowserAndLaunchApplication -->
        <test-method signature="verifyLogoAndCaption()[pri:2, instance:framework.concepts.TestNGTestMethods@783a467b]" started-at="2024-11-22T21:39:28 IST" name="verifyLogoAndCaption" finished-at="2024-11-22T21:39:28 IST" depends-on-methods="framework.concepts.TestNGTestMethods.verifyContactInformation" duration-ms="1" status="PASS">
          <reporter-output>
          </reporter-output>
        </test-method> <!-- verifyLogoAndCaption -->
        <test-method is-config="true" signature="closeBrowser()[pri:0, instance:framework.concepts.TestNGTestMethods@783a467b]" started-at="2024-11-22T21:39:28 IST" name="closeBrowser" finished-at="2024-11-22T21:39:28 IST" duration-ms="0" status="PASS">
          <reporter-output>
          </reporter-output>
        </test-method> <!-- closeBrowser -->
      </class> <!-- framework.concepts.TestNGTestMethods -->
    </test> <!-- ChromeTest -->
    <test started-at="2024-11-22T21:39:28 IST" name="FirefoxTest" finished-at="2024-11-22T21:39:28 IST" duration-ms="8">
      <class name="framework.concepts.TestNGTestMethods">
        <test-method is-config="true" signature="launchBrowserAndLaunchApplication(java.lang.String,java.lang.String)[pri:0, instance:framework.concepts.TestNGTestMethods@6e6f2380]" started-at="2024-11-22T21:39:28 IST" name="launchBrowserAndLaunchApplication" finished-at="2024-11-22T21:39:28 IST" duration-ms="0" status="PASS">
          <params>
            <param index="0">
              <value>
                <![CDATA[firefox]]>
              </value>
            </param>
            <param index="1">
              <value>
                <![CDATA[www.abc-bank.com]]>
              </value>
            </param>
          </params>
          <reporter-output>
          </reporter-output>
        </test-method> <!-- launchBrowserAndLaunchApplication -->
        <test-method signature="verifyContactInformation()[pri:3, instance:framework.concepts.TestNGTestMethods@6e6f2380]" started-at="2024-11-22T21:39:28 IST" name="verifyContactInformation" finished-at="2024-11-22T21:39:28 IST" duration-ms="2" status="PASS">
          <reporter-output>
          </reporter-output>
        </test-method> <!-- verifyContactInformation -->
        <test-method is-config="true" signature="closeBrowser()[pri:0, instance:framework.concepts.TestNGTestMethods@6e6f2380]" started-at="2024-11-22T21:39:28 IST" name="closeBrowser" finished-at="2024-11-22T21:39:28 IST" duration-ms="1" status="PASS">
          <reporter-output>
          </reporter-output>
        </test-method> <!-- closeBrowser -->
        <test-method is-config="true" signature="launchBrowserAndLaunchApplication(java.lang.String,java.lang.String)[pri:0, instance:framework.concepts.TestNGTestMethods@6e6f2380]" started-at="2024-11-22T21:39:28 IST" name="launchBrowserAndLaunchApplication" finished-at="2024-11-22T21:39:28 IST" duration-ms="0" status="PASS">
          <params>
            <param index="0">
              <value>
                <![CDATA[firefox]]>
              </value>
            </param>
            <param index="1">
              <value>
                <![CDATA[www.abc-bank.com]]>
              </value>
            </param>
          </params>
          <reporter-output>
          </reporter-output>
        </test-method> <!-- launchBrowserAndLaunchApplication -->
        <test-method signature="verifyLogoAndCaption()[pri:2, instance:framework.concepts.TestNGTestMethods@6e6f2380]" started-at="2024-11-22T21:39:28 IST" name="verifyLogoAndCaption" finished-at="2024-11-22T21:39:28 IST" depends-on-methods="framework.concepts.TestNGTestMethods.verifyContactInformation" duration-ms="1" status="PASS">
          <reporter-output>
          </reporter-output>
        </test-method> <!-- verifyLogoAndCaption -->
        <test-method is-config="true" signature="closeBrowser()[pri:0, instance:framework.concepts.TestNGTestMethods@6e6f2380]" started-at="2024-11-22T21:39:28 IST" name="closeBrowser" finished-at="2024-11-22T21:39:28 IST" duration-ms="0" status="PASS">
          <reporter-output>
          </reporter-output>
        </test-method> <!-- closeBrowser -->
      </class> <!-- framework.concepts.TestNGTestMethods -->
    </test> <!-- FirefoxTest -->
    <test started-at="2024-11-22T21:39:28 IST" name="EdgeTest" finished-at="2024-11-22T21:39:28 IST" duration-ms="12">
      <class name="framework.concepts.TestNGTestMethods">
        <test-method is-config="true" signature="startReporting()[pri:0, instance:framework.concepts.TestNGTestMethods@78e4deb0]" started-at="2024-11-22T21:39:28 IST" name="startReporting" finished-at="2024-11-22T21:39:28 IST" duration-ms="9" status="PASS">
          <reporter-output>
          </reporter-output>
        </test-method> <!-- startReporting -->
        <test-method is-config="true" signature="launchBrowserAndLaunchApplication(java.lang.String,java.lang.String)[pri:0, instance:framework.concepts.TestNGTestMethods@78e4deb0]" started-at="2024-11-22T21:39:28 IST" name="launchBrowserAndLaunchApplication" finished-at="2024-11-22T21:39:28 IST" duration-ms="0" status="PASS">
          <params>
            <param index="0">
              <value>
                <![CDATA[edge]]>
              </value>
            </param>
            <param index="1">
              <value>
                <![CDATA[www.abc-bank.com]]>
              </value>
            </param>
          </params>
          <reporter-output>
          </reporter-output>
        </test-method> <!-- launchBrowserAndLaunchApplication -->
        <test-method signature="verifyContactInformation()[pri:3, instance:framework.concepts.TestNGTestMethods@78e4deb0]" started-at="2024-11-22T21:39:28 IST" name="verifyContactInformation" finished-at="2024-11-22T21:39:28 IST" duration-ms="3" status="PASS">
          <reporter-output>
          </reporter-output>
        </test-method> <!-- verifyContactInformation -->
        <test-method is-config="true" signature="closeBrowser()[pri:0, instance:framework.concepts.TestNGTestMethods@78e4deb0]" started-at="2024-11-22T21:39:28 IST" name="closeBrowser" finished-at="2024-11-22T21:39:28 IST" duration-ms="1" status="PASS">
          <reporter-output>
          </reporter-output>
        </test-method> <!-- closeBrowser -->
        <test-method is-config="true" signature="launchBrowserAndLaunchApplication(java.lang.String,java.lang.String)[pri:0, instance:framework.concepts.TestNGTestMethods@78e4deb0]" started-at="2024-11-22T21:39:28 IST" name="launchBrowserAndLaunchApplication" finished-at="2024-11-22T21:39:28 IST" duration-ms="0" status="PASS">
          <params>
            <param index="0">
              <value>
                <![CDATA[edge]]>
              </value>
            </param>
            <param index="1">
              <value>
                <![CDATA[www.abc-bank.com]]>
              </value>
            </param>
          </params>
          <reporter-output>
          </reporter-output>
        </test-method> <!-- launchBrowserAndLaunchApplication -->
        <test-method signature="verifyLogoAndCaption()[pri:2, instance:framework.concepts.TestNGTestMethods@78e4deb0]" started-at="2024-11-22T21:39:28 IST" name="verifyLogoAndCaption" finished-at="2024-11-22T21:39:28 IST" depends-on-methods="framework.concepts.TestNGTestMethods.verifyContactInformation" duration-ms="1" status="PASS">
          <reporter-output>
          </reporter-output>
        </test-method> <!-- verifyLogoAndCaption -->
        <test-method is-config="true" signature="closeBrowser()[pri:0, instance:framework.concepts.TestNGTestMethods@78e4deb0]" started-at="2024-11-22T21:39:28 IST" name="closeBrowser" finished-at="2024-11-22T21:39:28 IST" duration-ms="0" status="PASS">
          <reporter-output>
          </reporter-output>
        </test-method> <!-- closeBrowser -->
        <test-method is-config="true" signature="stopReporting()[pri:0, instance:framework.concepts.TestNGTestMethods@78e4deb0]" started-at="2024-11-22T21:39:28 IST" name="stopReporting" finished-at="2024-11-22T21:39:28 IST" duration-ms="0" status="PASS">
          <reporter-output>
          </reporter-output>
        </test-method> <!-- stopReporting -->
      </class> <!-- framework.concepts.TestNGTestMethods -->
    </test> <!-- EdgeTest -->
  </suite> <!-- Suite -->
</testng-results>
